05-Aug-2409:08:53 - INFO - La page d'accueil a été chargée.
05-Aug-2409:08:54 - WARNING - Not Found: /favicon.ico
05-Aug-2409:09:01 - ERROR - L'utilisateur n'a pas pus être connecté
05-Aug-2409:09:01 - INFO - La page d'accueil a été chargée.
05-Aug-2409:16:06 - INFO - La page d'accueil a été chargée.
05-Aug-2409:16:28 - INFO - Utilisateur Bibliothequaire connecté
05-Aug-2409:16:28 - INFO - La page biliothequaire est chargé
05-Aug-2409:16:32 - INFO - Le membre Alice Duponta été supprimé.
05-Aug-2409:16:32 - INFO - La page biliothequaire est chargé
05-Aug-2409:18:47 - INFO - La page biliothequaire est chargé
05-Aug-2409:58:08 - INFO - La page d'accueil a été chargée.
05-Aug-2409:58:10 - INFO - La page biliothequaire est chargé
05-Aug-2409:58:16 - INFO - La page d'accueil a été chargée.
05-Aug-2419:03:02 - INFO - La page d'accueil a été chargée.
05-Aug-2419:03:02 - WARNING - Not Found: /favicon.ico
05-Aug-2419:03:06 - INFO - La page biliothequaire est chargé
06-Aug-2414:10:18 - INFO - La page d'accueil a été chargée.
06-Aug-2414:10:22 - INFO - La page d'accueil a été chargée.
06-Aug-2414:11:28 - INFO - La page d'accueil a été chargée.
06-Aug-2414:11:29 - INFO - La page d'accueil a été chargée.
06-Aug-2414:11:29 - INFO - La page d'accueil a été chargée.
06-Aug-2414:12:34 - INFO - La page d'accueil a été chargée.
06-Aug-2414:12:34 - INFO - La page d'accueil a été chargée.
06-Aug-2414:12:34 - INFO - La page d'accueil a été chargée.
06-Aug-2414:12:35 - INFO - La page d'accueil a été chargée.
06-Aug-2414:34:07 - INFO - La page d'accueil a été chargée.
06-Aug-2414:34:29 - ERROR - L'utilisateur n'a pas pus être connecté
06-Aug-2414:34:29 - INFO - La page d'accueil a été chargée.
06-Aug-2414:35:37 - INFO - La page d'accueil a été chargée.
06-Aug-2414:35:47 - ERROR - L'utilisateur n'a pas pus être connecté
06-Aug-2414:35:47 - INFO - La page d'accueil a été chargée.
06-Aug-2414:36:27 - ERROR - L'utilisateur n'a pas pus être connecté
06-Aug-2414:36:27 - INFO - La page d'accueil a été chargée.
06-Aug-2414:38:54 - INFO - La page d'accueil a été chargée.
06-Aug-2414:39:02 - INFO - Utilisateur Bibliothequaire connecté
06-Aug-2414:39:02 - INFO - La page biliothequaire est chargé
06-Aug-2414:40:24 - INFO - La page biliothequaire est chargé
06-Aug-2414:40:37 - INFO - La page biliothequaire est chargé
06-Aug-2414:40:48 - INFO - La page d'accueil a été chargée.
06-Aug-2414:40:49 - INFO - La page biliothequaire est chargé
06-Aug-2414:40:50 - INFO - Utilisateur déconnecté
06-Aug-2414:40:50 - INFO - La page d'accueil a été chargée.
